{"name": "test_03", "status": "failed", "statusDetails": {"message": "AssertionError: assert 1 == 2", "trace": "@pytest.mark.flaky(reruns=3, reruns_delay=3)\n    def test_03():\n        print('-----------------')\n        print('test03')\n>       assert 1 == 2\nE       assert 1 == 2\n\ntest_case3.py:20: AssertionError"}, "start": 1637308501620, "stop": 1637308501621, "uuid": "0cd5c017-267b-4a51-8165-f26c32d9c36f", "historyId": "f3b6e76d7fadd9119f3ed9aa5ba0e9a5", "testCaseId": "a95084dfd55933b7c37da48c53e43e92", "fullName": "test_case3#test_03", "labels": [{"name": "tag", "value": "flaky(reruns=3, reruns_delay=3)"}, {"name": "suite", "value": "test_case3"}, {"name": "host", "value": "DESKTOP-6JJRVM0"}, {"name": "thread", "value": "14628-MainThread"}, {"name": "framework", "value": "pytest"}, {"name": "language", "value": "cpython3"}, {"name": "package", "value": "test_case3"}]}